[2019-02-21 10:45:59] local.ERROR: Argument 1 passed to Illuminate\Routing\Router::resources() must be of the type array, string given, called in /home/bright/Documents/blogs/5.0._/vendor/laravel/framework/src/Illuminate/Support/Facades/Facade.php on line 237 {"exception":"[object] (Symfony\\Component\\Debug\\Exception\\FatalThrowableError(code: 0): Argument 1 passed to Illuminate\\Routing\\Router::resources() must be of the type array, string given, called in /home/bright/Documents/blogs/5.0._/vendor/laravel/framework/src/Illuminate/Support/Facades/Facade.php on line 237 at /home/bright/Documents/blogs/5.0._/vendor/laravel/framework/src/Illuminate/Routing/Router.php:296)
[stacktrace]
#0 /home/bright/Documents/blogs/5.0._/vendor/laravel/framework/src/Illuminate/Support/Facades/Facade.php(237): Illuminate\\Routing\\Router->resources('products', 'ProductsControl...')
#1 /home/bright/Documents/blogs/5.0._/routes/web.php(119): Illuminate\\Support\\Facades\\Facade::__callStatic('resources', Array)
#2 /home/bright/Documents/blogs/5.0._/vendor/laravel/framework/src/Illuminate/Routing/Router.php(417): require('/home/bright/Do...')
#3 /home/bright/Documents/blogs/5.0._/vendor/laravel/framework/src/Illuminate/Routing/Router.php(373): Illuminate\\Routing\\Router->loadRoutes('/home/bright/Do...')
#4 /home/bright/Documents/blogs/5.0._/vendor/laravel/framework/src/Illuminate/Routing/RouteRegistrar.php(121): Illuminate\\Routing\\Router->group(Array, '/home/bright/Do...')
#5 /home/bright/Documents/blogs/5.0._/app/Providers/RouteServiceProvider.php(56): Illuminate\\Routing\\RouteRegistrar->group('/home/bright/Do...')
#6 /home/bright/Documents/blogs/5.0._/app/Providers/RouteServiceProvider.php(40): App\\Providers\\RouteServiceProvider->mapWebRoutes()
#7 [internal function]: App\\Providers\\RouteServiceProvider->map()
#8 /home/bright/Documents/blogs/5.0._/vendor/laravel/framework/src/Illuminate/Container/BoundMethod.php(29): call_user_func_array(Array, Array)
#9 /home/bright/Documents/blogs/5.0._/vendor/laravel/framework/src/Illuminate/Container/BoundMethod.php(87): Illuminate\\Container\\BoundMethod::Illuminate\\Container\\{closure}()
#10 /home/bright/Documents/blogs/5.0._/vendor/laravel/framework/src/Illuminate/Container/BoundMethod.php(31): Illuminate\\Container\\BoundMethod::callBoundMethod(Object(Illuminate\\Foundation\\Application), Array, Object(Closure))
#11 /home/bright/Documents/blogs/5.0._/vendor/laravel/framework/src/Illuminate/Container/Container.php(572): Illuminate\\Container\\BoundMethod::call(Object(Illuminate\\Foundation\\Application), Array, Array, NULL)
#12 /home/bright/Documents/blogs/5.0._/vendor/laravel/framework/src/Illuminate/Foundation/Support/Providers/RouteServiceProvider.php(77): Illuminate\\Container\\Container->call(Array)
#13 /home/bright/Documents/blogs/5.0._/vendor/laravel/framework/src/Illuminate/Foundation/Support/Providers/RouteServiceProvider.php(36): Illuminate\\Foundation\\Support\\Providers\\RouteServiceProvider->loadRoutes()
#14 /home/bright/Documents/blogs/5.0._/app/Providers/RouteServiceProvider.php(28): Illuminate\\Foundation\\Support\\Providers\\RouteServiceProvider->boot()
#15 [internal function]: App\\Providers\\RouteServiceProvider->boot()
#16 /home/bright/Documents/blogs/5.0._/vendor/laravel/framework/src/Illuminate/Container/BoundMethod.php(29): call_user_func_array(Array, Array)
#17 /home/bright/Documents/blogs/5.0._/vendor/laravel/framework/src/Illuminate/Container/BoundMethod.php(87): Illuminate\\Container\\BoundMethod::Illuminate\\Container\\{closure}()
#18 /home/bright/Documents/blogs/5.0._/vendor/laravel/framework/src/Illuminate/Container/BoundMethod.php(31): Illuminate\\Container\\BoundMethod::callBoundMethod(Object(Illuminate\\Foundation\\Application), Array, Object(Closure))
#19 /home/bright/Documents/blogs/5.0._/vendor/laravel/framework/src/Illuminate/Container/Container.php(572): Illuminate\\Container\\BoundMethod::call(Object(Illuminate\\Foundation\\Application), Array, Array, NULL)
#20 /home/bright/Documents/blogs/5.0._/vendor/laravel/framework/src/Illuminate/Foundation/Application.php(819): Illuminate\\Container\\Container->call(Array)
#21 /home/bright/Documents/blogs/5.0._/vendor/laravel/framework/src/Illuminate/Foundation/Application.php(802): Illuminate\\Foundation\\Application->bootProvider(Object(App\\Providers\\RouteServiceProvider))
#22 [internal function]: Illuminate\\Foundation\\Application->Illuminate\\Foundation\\{closure}(Object(App\\Providers\\RouteServiceProvider), 22)
#23 /home/bright/Documents/blogs/5.0._/vendor/laravel/framework/src/Illuminate/Foundation/Application.php(803): array_walk(Array, Object(Closure))
#24 /home/bright/Documents/blogs/5.0._/vendor/laravel/framework/src/Illuminate/Foundation/Bootstrap/BootProviders.php(17): Illuminate\\Foundation\\Application->boot()
#25 /home/bright/Documents/blogs/5.0._/vendor/laravel/framework/src/Illuminate/Foundation/Application.php(211): Illuminate\\Foundation\\Bootstrap\\BootProviders->bootstrap(Object(Illuminate\\Foundation\\Application))
#26 /home/bright/Documents/blogs/5.0._/vendor/laravel/framework/src/Illuminate/Foundation/Console/Kernel.php(297): Illuminate\\Foundation\\Application->bootstrapWith(Array)
#27 /home/bright/Documents/blogs/5.0._/vendor/laravel/framework/src/Illuminate/Foundation/Console/Kernel.php(120): Illuminate\\Foundation\\Console\\Kernel->bootstrap()
#28 /home/bright/Documents/blogs/5.0._/artisan(37): Illuminate\\Foundation\\Console\\Kernel->handle(Object(Symfony\\Component\\Console\\Input\\ArgvInput), Object(Symfony\\Component\\Console\\Output\\ConsoleOutput))
#29 {main}
"} 
[2019-02-21 10:46:49] local.ERROR: Argument 1 passed to Illuminate\Routing\Router::resources() must be of the type array, string given, called in /home/bright/Documents/blogs/5.0._/vendor/laravel/framework/src/Illuminate/Support/Facades/Facade.php on line 237 {"exception":"[object] (Symfony\\Component\\Debug\\Exception\\FatalThrowableError(code: 0): Argument 1 passed to Illuminate\\Routing\\Router::resources() must be of the type array, string given, called in /home/bright/Documents/blogs/5.0._/vendor/laravel/framework/src/Illuminate/Support/Facades/Facade.php on line 237 at /home/bright/Documents/blogs/5.0._/vendor/laravel/framework/src/Illuminate/Routing/Router.php:296)
[stacktrace]
#0 /home/bright/Documents/blogs/5.0._/vendor/laravel/framework/src/Illuminate/Support/Facades/Facade.php(237): Illuminate\\Routing\\Router->resources('products', 'ProductControll...')
#1 /home/bright/Documents/blogs/5.0._/routes/web.php(119): Illuminate\\Support\\Facades\\Facade::__callStatic('resources', Array)
#2 /home/bright/Documents/blogs/5.0._/vendor/laravel/framework/src/Illuminate/Routing/Router.php(417): require('/home/bright/Do...')
#3 /home/bright/Documents/blogs/5.0._/vendor/laravel/framework/src/Illuminate/Routing/Router.php(373): Illuminate\\Routing\\Router->loadRoutes('/home/bright/Do...')
#4 /home/bright/Documents/blogs/5.0._/vendor/laravel/framework/src/Illuminate/Routing/RouteRegistrar.php(121): Illuminate\\Routing\\Router->group(Array, '/home/bright/Do...')
#5 /home/bright/Documents/blogs/5.0._/app/Providers/RouteServiceProvider.php(56): Illuminate\\Routing\\RouteRegistrar->group('/home/bright/Do...')
#6 /home/bright/Documents/blogs/5.0._/app/Providers/RouteServiceProvider.php(40): App\\Providers\\RouteServiceProvider->mapWebRoutes()
#7 [internal function]: App\\Providers\\RouteServiceProvider->map()
#8 /home/bright/Documents/blogs/5.0._/vendor/laravel/framework/src/Illuminate/Container/BoundMethod.php(29): call_user_func_array(Array, Array)
#9 /home/bright/Documents/blogs/5.0._/vendor/laravel/framework/src/Illuminate/Container/BoundMethod.php(87): Illuminate\\Container\\BoundMethod::Illuminate\\Container\\{closure}()
#10 /home/bright/Documents/blogs/5.0._/vendor/laravel/framework/src/Illuminate/Container/BoundMethod.php(31): Illuminate\\Container\\BoundMethod::callBoundMethod(Object(Illuminate\\Foundation\\Application), Array, Object(Closure))
#11 /home/bright/Documents/blogs/5.0._/vendor/laravel/framework/src/Illuminate/Container/Container.php(572): Illuminate\\Container\\BoundMethod::call(Object(Illuminate\\Foundation\\Application), Array, Array, NULL)
#12 /home/bright/Documents/blogs/5.0._/vendor/laravel/framework/src/Illuminate/Foundation/Support/Providers/RouteServiceProvider.php(77): Illuminate\\Container\\Container->call(Array)
#13 /home/bright/Documents/blogs/5.0._/vendor/laravel/framework/src/Illuminate/Foundation/Support/Providers/RouteServiceProvider.php(36): Illuminate\\Foundation\\Support\\Providers\\RouteServiceProvider->loadRoutes()
#14 /home/bright/Documents/blogs/5.0._/app/Providers/RouteServiceProvider.php(28): Illuminate\\Foundation\\Support\\Providers\\RouteServiceProvider->boot()
#15 [internal function]: App\\Providers\\RouteServiceProvider->boot()
#16 /home/bright/Documents/blogs/5.0._/vendor/laravel/framework/src/Illuminate/Container/BoundMethod.php(29): call_user_func_array(Array, Array)
#17 /home/bright/Documents/blogs/5.0._/vendor/laravel/framework/src/Illuminate/Container/BoundMethod.php(87): Illuminate\\Container\\BoundMethod::Illuminate\\Container\\{closure}()
#18 /home/bright/Documents/blogs/5.0._/vendor/laravel/framework/src/Illuminate/Container/BoundMethod.php(31): Illuminate\\Container\\BoundMethod::callBoundMethod(Object(Illuminate\\Foundation\\Application), Array, Object(Closure))
#19 /home/bright/Documents/blogs/5.0._/vendor/laravel/framework/src/Illuminate/Container/Container.php(572): Illuminate\\Container\\BoundMethod::call(Object(Illuminate\\Foundation\\Application), Array, Array, NULL)
#20 /home/bright/Documents/blogs/5.0._/vendor/laravel/framework/src/Illuminate/Foundation/Application.php(819): Illuminate\\Container\\Container->call(Array)
#21 /home/bright/Documents/blogs/5.0._/vendor/laravel/framework/src/Illuminate/Foundation/Application.php(802): Illuminate\\Foundation\\Application->bootProvider(Object(App\\Providers\\RouteServiceProvider))
#22 [internal function]: Illuminate\\Foundation\\Application->Illuminate\\Foundation\\{closure}(Object(App\\Providers\\RouteServiceProvider), 22)
#23 /home/bright/Documents/blogs/5.0._/vendor/laravel/framework/src/Illuminate/Foundation/Application.php(803): array_walk(Array, Object(Closure))
#24 /home/bright/Documents/blogs/5.0._/vendor/laravel/framework/src/Illuminate/Foundation/Bootstrap/BootProviders.php(17): Illuminate\\Foundation\\Application->boot()
#25 /home/bright/Documents/blogs/5.0._/vendor/laravel/framework/src/Illuminate/Foundation/Application.php(211): Illuminate\\Foundation\\Bootstrap\\BootProviders->bootstrap(Object(Illuminate\\Foundation\\Application))
#26 /home/bright/Documents/blogs/5.0._/vendor/laravel/framework/src/Illuminate/Foundation/Console/Kernel.php(297): Illuminate\\Foundation\\Application->bootstrapWith(Array)
#27 /home/bright/Documents/blogs/5.0._/vendor/laravel/framework/src/Illuminate/Foundation/Console/Kernel.php(120): Illuminate\\Foundation\\Console\\Kernel->bootstrap()
#28 /home/bright/Documents/blogs/5.0._/artisan(37): Illuminate\\Foundation\\Console\\Kernel->handle(Object(Symfony\\Component\\Console\\Input\\ArgvInput), Object(Symfony\\Component\\Console\\Output\\ConsoleOutput))
#29 {main}
"} 
